{
"contracts/DepositDIL.sol":{"l":{"39":15,"40":15,"43":15,"44":8,"45":8,"46":8,"51":7,"52":7,"54":7,"55":5,"59":3,"62":3,"63":1,"66":3,"68":3,"74":4,"81":10},"path":"/Users/ncodes/projects/makeos/makeos-contracts/contracts/DepositDIL.sol","s":{"1":15,"2":15,"3":15,"4":8,"5":8,"6":8,"7":7,"8":7,"9":7,"10":5,"11":3,"12":3,"13":1,"14":3,"15":3,"16":4,"17":10},"b":{"1":[8,7],"2":[5,2],"3":[1,4],"4":[1,2]},"f":{"1":15,"2":4,"3":10},"fnMap":{"1":{"name":"mint","line":35,"loc":{"start":{"line":32,"column":4},"end":{"line":69,"column":4}}},"2":{"name":"getDILBalance","line":73,"loc":{"start":{"line":73,"column":4},"end":{"line":75,"column":4}}},"3":{"name":"getNextMintLimit","line":80,"loc":{"start":{"line":80,"column":4},"end":{"line":82,"column":4}}}},"statementMap":{"1":{"start":{"line":39,"column":8},"end":{"line":39,"column":57}},"2":{"start":{"line":40,"column":8},"end":{"line":40,"column":54}},"3":{"start":{"line":43,"column":8},"end":{"line":43,"column":1291}},"4":{"start":{"line":44,"column":12},"end":{"line":44,"column":64}},"5":{"start":{"line":45,"column":12},"end":{"line":45,"column":42}},"6":{"start":{"line":46,"column":12},"end":{"line":46,"column":23}},"7":{"start":{"line":51,"column":8},"end":{"line":51,"column":55}},"8":{"start":{"line":52,"column":8},"end":{"line":52,"column":1788}},"9":{"start":{"line":54,"column":8},"end":{"line":54,"column":1828}},"10":{"start":{"line":55,"column":12},"end":{"line":55,"column":65}},"11":{"start":{"line":59,"column":8},"end":{"line":59,"column":67}},"12":{"start":{"line":62,"column":8},"end":{"line":62,"column":2152}},"13":{"start":{"line":63,"column":12},"end":{"line":63,"column":74}},"14":{"start":{"line":66,"column":8},"end":{"line":66,"column":38}},"15":{"start":{"line":68,"column":8},"end":{"line":68,"column":19}},"16":{"start":{"line":74,"column":8},"end":{"line":74,"column":38}},"17":{"start":{"line":81,"column":8},"end":{"line":81,"column":40}}},"branchMap":{"1":{"line":43,"type":"if","locations":[{"start":{"line":43,"column":8},"end":{"line":43,"column":8}},{"start":{"line":43,"column":8},"end":{"line":43,"column":8}}]},"2":{"line":54,"type":"if","locations":[{"start":{"line":54,"column":8},"end":{"line":54,"column":8}},{"start":{"line":54,"column":8},"end":{"line":54,"column":8}}]},"3":{"line":55,"type":"if","locations":[{"start":{"line":55,"column":12},"end":{"line":55,"column":12}},{"start":{"line":55,"column":12},"end":{"line":55,"column":12}}]},"4":{"line":62,"type":"if","locations":[{"start":{"line":62,"column":8},"end":{"line":62,"column":8}},{"start":{"line":62,"column":8},"end":{"line":62,"column":8}}]}}},
"contracts/libs/SafeMath.sol":{"l":{"26":0,"27":0,"28":0,"39":0,"40":0,"54":0,"55":0,"56":0,"57":0,"68":0,"69":0,"80":0,"81":0,"95":11,"96":11,"97":11,"111":0,"112":0,"126":0,"127":0,"128":0,"129":0,"145":0,"146":0,"162":0,"163":0,"184":0,"185":0,"208":0,"209":0,"232":0,"233":0},"path":"/Users/ncodes/projects/makeos/makeos-contracts/contracts/libs/SafeMath.sol","s":{"1":0,"2":0,"3":0,"4":0,"5":0,"6":0,"7":0,"8":0,"9":0,"10":0,"11":0,"12":0,"13":0,"14":0,"15":0,"16":0,"17":0,"18":0,"19":0,"20":11,"21":11,"22":11,"23":0,"24":0,"25":0,"26":0,"27":0,"28":0,"29":0,"30":0,"31":0,"32":0,"33":0,"34":0,"35":0,"36":0,"37":0,"38":0,"39":0},"b":{"1":[0,0],"2":[0,0],"3":[0,0],"4":[0,0],"5":[0,0],"6":[0,0],"7":[11,0],"8":[0,0],"9":[0,0],"10":[0,0],"11":[0,0],"12":[0,0],"13":[0,0],"14":[0,0],"15":[0,0]},"f":{"1":0,"2":0,"3":0,"4":0,"5":0,"6":11,"7":0,"8":0,"9":0,"10":0,"11":0,"12":0,"13":0},"fnMap":{"1":{"name":"tryAdd","line":21,"loc":{"start":{"line":21,"column":4},"end":{"line":29,"column":4}}},"2":{"name":"trySub","line":34,"loc":{"start":{"line":34,"column":4},"end":{"line":41,"column":4}}},"3":{"name":"tryMul","line":46,"loc":{"start":{"line":46,"column":4},"end":{"line":58,"column":4}}},"4":{"name":"tryDiv","line":63,"loc":{"start":{"line":63,"column":4},"end":{"line":70,"column":4}}},"5":{"name":"tryMod","line":75,"loc":{"start":{"line":75,"column":4},"end":{"line":82,"column":4}}},"6":{"name":"add","line":94,"loc":{"start":{"line":94,"column":4},"end":{"line":98,"column":4}}},"7":{"name":"sub","line":110,"loc":{"start":{"line":110,"column":4},"end":{"line":113,"column":4}}},"8":{"name":"mul","line":125,"loc":{"start":{"line":125,"column":4},"end":{"line":130,"column":4}}},"9":{"name":"div","line":144,"loc":{"start":{"line":144,"column":4},"end":{"line":147,"column":4}}},"10":{"name":"mod","line":161,"loc":{"start":{"line":161,"column":4},"end":{"line":164,"column":4}}},"11":{"name":"sub","line":179,"loc":{"start":{"line":179,"column":4},"end":{"line":186,"column":4}}},"12":{"name":"div","line":203,"loc":{"start":{"line":203,"column":4},"end":{"line":210,"column":4}}},"13":{"name":"mod","line":227,"loc":{"start":{"line":227,"column":4},"end":{"line":234,"column":4}}}},"statementMap":{"1":{"start":{"line":26,"column":8},"end":{"line":26,"column":25}},"2":{"start":{"line":27,"column":8},"end":{"line":27,"column":36}},"3":{"start":{"line":27,"column":19},"end":{"line":27,"column":36}},"4":{"start":{"line":28,"column":8},"end":{"line":28,"column":24}},"5":{"start":{"line":39,"column":8},"end":{"line":39,"column":36}},"6":{"start":{"line":39,"column":19},"end":{"line":39,"column":36}},"7":{"start":{"line":40,"column":8},"end":{"line":40,"column":28}},"8":{"start":{"line":54,"column":8},"end":{"line":54,"column":36}},"9":{"start":{"line":54,"column":20},"end":{"line":54,"column":36}},"10":{"start":{"line":55,"column":8},"end":{"line":55,"column":25}},"11":{"start":{"line":56,"column":8},"end":{"line":56,"column":41}},"12":{"start":{"line":56,"column":24},"end":{"line":56,"column":41}},"13":{"start":{"line":57,"column":8},"end":{"line":57,"column":24}},"14":{"start":{"line":68,"column":8},"end":{"line":68,"column":37}},"15":{"start":{"line":68,"column":20},"end":{"line":68,"column":37}},"16":{"start":{"line":69,"column":8},"end":{"line":69,"column":28}},"17":{"start":{"line":80,"column":8},"end":{"line":80,"column":37}},"18":{"start":{"line":80,"column":20},"end":{"line":80,"column":37}},"19":{"start":{"line":81,"column":8},"end":{"line":81,"column":28}},"20":{"start":{"line":95,"column":8},"end":{"line":95,"column":25}},"21":{"start":{"line":96,"column":8},"end":{"line":96,"column":53}},"22":{"start":{"line":97,"column":8},"end":{"line":97,"column":16}},"23":{"start":{"line":111,"column":8},"end":{"line":111,"column":56}},"24":{"start":{"line":112,"column":8},"end":{"line":112,"column":20}},"25":{"start":{"line":126,"column":8},"end":{"line":126,"column":28}},"26":{"start":{"line":126,"column":20},"end":{"line":126,"column":28}},"27":{"start":{"line":127,"column":8},"end":{"line":127,"column":25}},"28":{"start":{"line":128,"column":8},"end":{"line":128,"column":63}},"29":{"start":{"line":129,"column":8},"end":{"line":129,"column":16}},"30":{"start":{"line":145,"column":8},"end":{"line":145,"column":51}},"31":{"start":{"line":146,"column":8},"end":{"line":146,"column":20}},"32":{"start":{"line":162,"column":8},"end":{"line":162,"column":49}},"33":{"start":{"line":163,"column":8},"end":{"line":163,"column":20}},"34":{"start":{"line":184,"column":8},"end":{"line":184,"column":36}},"35":{"start":{"line":185,"column":8},"end":{"line":185,"column":20}},"36":{"start":{"line":208,"column":8},"end":{"line":208,"column":35}},"37":{"start":{"line":209,"column":8},"end":{"line":209,"column":20}},"38":{"start":{"line":232,"column":8},"end":{"line":232,"column":35}},"39":{"start":{"line":233,"column":8},"end":{"line":233,"column":20}}},"branchMap":{"1":{"line":27,"type":"if","locations":[{"start":{"line":27,"column":8},"end":{"line":27,"column":8}},{"start":{"line":27,"column":8},"end":{"line":27,"column":8}}]},"2":{"line":39,"type":"if","locations":[{"start":{"line":39,"column":8},"end":{"line":39,"column":8}},{"start":{"line":39,"column":8},"end":{"line":39,"column":8}}]},"3":{"line":54,"type":"if","locations":[{"start":{"line":54,"column":8},"end":{"line":54,"column":8}},{"start":{"line":54,"column":8},"end":{"line":54,"column":8}}]},"4":{"line":56,"type":"if","locations":[{"start":{"line":56,"column":8},"end":{"line":56,"column":8}},{"start":{"line":56,"column":8},"end":{"line":56,"column":8}}]},"5":{"line":68,"type":"if","locations":[{"start":{"line":68,"column":8},"end":{"line":68,"column":8}},{"start":{"line":68,"column":8},"end":{"line":68,"column":8}}]},"6":{"line":80,"type":"if","locations":[{"start":{"line":80,"column":8},"end":{"line":80,"column":8}},{"start":{"line":80,"column":8},"end":{"line":80,"column":8}}]},"7":{"line":96,"type":"if","locations":[{"start":{"line":96,"column":8},"end":{"line":96,"column":8}},{"start":{"line":96,"column":8},"end":{"line":96,"column":8}}]},"8":{"line":111,"type":"if","locations":[{"start":{"line":111,"column":8},"end":{"line":111,"column":8}},{"start":{"line":111,"column":8},"end":{"line":111,"column":8}}]},"9":{"line":126,"type":"if","locations":[{"start":{"line":126,"column":8},"end":{"line":126,"column":8}},{"start":{"line":126,"column":8},"end":{"line":126,"column":8}}]},"10":{"line":128,"type":"if","locations":[{"start":{"line":128,"column":8},"end":{"line":128,"column":8}},{"start":{"line":128,"column":8},"end":{"line":128,"column":8}}]},"11":{"line":145,"type":"if","locations":[{"start":{"line":145,"column":8},"end":{"line":145,"column":8}},{"start":{"line":145,"column":8},"end":{"line":145,"column":8}}]},"12":{"line":162,"type":"if","locations":[{"start":{"line":162,"column":8},"end":{"line":162,"column":8}},{"start":{"line":162,"column":8},"end":{"line":162,"column":8}}]},"13":{"line":184,"type":"if","locations":[{"start":{"line":184,"column":8},"end":{"line":184,"column":8}},{"start":{"line":184,"column":8},"end":{"line":184,"column":8}}]},"14":{"line":208,"type":"if","locations":[{"start":{"line":208,"column":8},"end":{"line":208,"column":8}},{"start":{"line":208,"column":8},"end":{"line":208,"column":8}}]},"15":{"line":232,"type":"if","locations":[{"start":{"line":232,"column":8},"end":{"line":232,"column":8}},{"start":{"line":232,"column":8},"end":{"line":232,"column":8}}]}}},
"contracts/Main.sol":{"l":{},"path":"/Users/ncodes/projects/makeos/makeos-contracts/contracts/Main.sol","s":{},"b":{},"f":{},"fnMap":{},"statementMap":{},"branchMap":{}},
"contracts/Owner.sol":{"l":{"13":14,"18":16,"19":15},"path":"/Users/ncodes/projects/makeos/makeos-contracts/contracts/Owner.sol","s":{"1":14,"2":16},"b":{"1":[15,1]},"f":{"1":14,"2":16},"fnMap":{"1":{"name":"constructor","line":12,"loc":{"start":{"line":12,"column":4},"end":{"line":14,"column":4}}},"2":{"name":"isOwner","line":17,"loc":{"start":{"line":17,"column":4},"end":{"line":20,"column":4}}}},"statementMap":{"1":{"start":{"line":13,"column":8},"end":{"line":13,"column":25}},"2":{"start":{"line":18,"column":8},"end":{"line":18,"column":58}}},"branchMap":{"1":{"line":18,"type":"if","locations":[{"start":{"line":18,"column":8},"end":{"line":18,"column":8}},{"start":{"line":18,"column":8},"end":{"line":18,"column":8}}]}}}}
