{
"contracts/DepositDIL.sol":{"l":{"39":15,"40":15,"43":15,"44":8,"45":8,"46":8,"51":7,"52":7,"54":7,"55":5,"59":3,"62":3,"63":1,"66":3,"68":3,"74":4,"81":10,"87":1,"93":1},"path":"/Users/ncodes/projects/makeos/makeos-contracts/contracts/DepositDIL.sol","s":{"1":15,"2":15,"3":15,"4":8,"5":8,"6":8,"7":7,"8":7,"9":7,"10":5,"11":3,"12":3,"13":1,"14":3,"15":3,"16":4,"17":10,"18":1,"19":1},"b":{"1":[8,7],"2":[5,2],"3":[1,4],"4":[1,2]},"f":{"1":15,"2":4,"3":10,"4":1,"5":1},"fnMap":{"1":{"name":"mint","line":35,"loc":{"start":{"line":32,"column":4},"end":{"line":69,"column":4}}},"2":{"name":"getDILBalance","line":73,"loc":{"start":{"line":73,"column":4},"end":{"line":75,"column":4}}},"3":{"name":"getNextMintLimit","line":80,"loc":{"start":{"line":80,"column":4},"end":{"line":82,"column":4}}},"4":{"name":"setMintFee","line":86,"loc":{"start":{"line":86,"column":4},"end":{"line":88,"column":4}}},"5":{"name":"setLimit","line":92,"loc":{"start":{"line":92,"column":4},"end":{"line":94,"column":4}}}},"statementMap":{"1":{"start":{"line":39,"column":8},"end":{"line":39,"column":57}},"2":{"start":{"line":40,"column":8},"end":{"line":40,"column":54}},"3":{"start":{"line":43,"column":8},"end":{"line":43,"column":1287}},"4":{"start":{"line":44,"column":12},"end":{"line":44,"column":64}},"5":{"start":{"line":45,"column":12},"end":{"line":45,"column":42}},"6":{"start":{"line":46,"column":12},"end":{"line":46,"column":23}},"7":{"start":{"line":51,"column":8},"end":{"line":51,"column":55}},"8":{"start":{"line":52,"column":8},"end":{"line":52,"column":1784}},"9":{"start":{"line":54,"column":8},"end":{"line":54,"column":1824}},"10":{"start":{"line":55,"column":12},"end":{"line":55,"column":65}},"11":{"start":{"line":59,"column":8},"end":{"line":59,"column":67}},"12":{"start":{"line":62,"column":8},"end":{"line":62,"column":2148}},"13":{"start":{"line":63,"column":12},"end":{"line":63,"column":74}},"14":{"start":{"line":66,"column":8},"end":{"line":66,"column":38}},"15":{"start":{"line":68,"column":8},"end":{"line":68,"column":19}},"16":{"start":{"line":74,"column":8},"end":{"line":74,"column":38}},"17":{"start":{"line":81,"column":8},"end":{"line":81,"column":40}},"18":{"start":{"line":87,"column":8},"end":{"line":87,"column":20}},"19":{"start":{"line":93,"column":8},"end":{"line":93,"column":20}}},"branchMap":{"1":{"line":43,"type":"if","locations":[{"start":{"line":43,"column":8},"end":{"line":43,"column":8}},{"start":{"line":43,"column":8},"end":{"line":43,"column":8}}]},"2":{"line":54,"type":"if","locations":[{"start":{"line":54,"column":8},"end":{"line":54,"column":8}},{"start":{"line":54,"column":8},"end":{"line":54,"column":8}}]},"3":{"line":55,"type":"if","locations":[{"start":{"line":55,"column":12},"end":{"line":55,"column":12}},{"start":{"line":55,"column":12},"end":{"line":55,"column":12}}]},"4":{"line":62,"type":"if","locations":[{"start":{"line":62,"column":8},"end":{"line":62,"column":8}},{"start":{"line":62,"column":8},"end":{"line":62,"column":8}}]}}},
"contracts/Dilithium.sol":{"l":{},"path":"/Users/ncodes/projects/makeos/makeos-contracts/contracts/Dilithium.sol","s":{},"b":{},"f":{},"fnMap":{},"statementMap":{},"branchMap":{}},
"contracts/Latinum.sol":{"l":{"16":8,"17":6},"path":"/Users/ncodes/projects/makeos/makeos-contracts/contracts/Latinum.sol","s":{"1":8,"2":6},"b":{"1":[6,2]},"f":{"1":8},"fnMap":{"1":{"name":"mint","line":15,"loc":{"start":{"line":15,"column":4},"end":{"line":18,"column":4}}}},"statementMap":{"1":{"start":{"line":16,"column":8},"end":{"line":16,"column":76}},"2":{"start":{"line":17,"column":8},"end":{"line":17,"column":26}}},"branchMap":{"1":{"line":16,"type":"if","locations":[{"start":{"line":16,"column":8},"end":{"line":16,"column":8}},{"start":{"line":16,"column":8},"end":{"line":16,"column":8}}]}}},
"contracts/libs/ell/EIP20.sol":{"l":{"25":6,"26":6,"27":6,"28":6,"29":6,"41":0,"42":0,"43":0,"44":0,"45":0,"55":8,"56":8,"60":4,"61":4,"62":4,"63":4,"65":4,"66":4,"75":3,"83":5,"84":5,"85":5,"94":0},"path":"/Users/ncodes/projects/makeos/makeos-contracts/contracts/libs/ell/EIP20.sol","s":{"1":6,"2":6,"3":6,"4":6,"5":6,"6":0,"7":0,"8":0,"9":0,"10":0,"11":8,"12":8,"13":4,"14":4,"15":4,"16":4,"17":4,"18":4,"19":3,"20":5,"21":5,"22":5,"23":0},"b":{"1":[0,0],"2":[4,4],"3":[4,0]},"f":{"1":6,"2":0,"3":8,"4":3,"5":5,"6":0},"fnMap":{"1":{"name":"constructor","line":19,"loc":{"start":{"line":19,"column":4},"end":{"line":30,"column":4}}},"2":{"name":"transfer","line":32,"loc":{"start":{"line":32,"column":4},"end":{"line":46,"column":4}}},"3":{"name":"transferFrom","line":48,"loc":{"start":{"line":48,"column":4},"end":{"line":67,"column":4}}},"4":{"name":"balanceOf","line":69,"loc":{"start":{"line":69,"column":4},"end":{"line":76,"column":4}}},"5":{"name":"approve","line":78,"loc":{"start":{"line":78,"column":4},"end":{"line":86,"column":4}}},"6":{"name":"allowance","line":88,"loc":{"start":{"line":88,"column":4},"end":{"line":95,"column":4}}}},"statementMap":{"1":{"start":{"line":25,"column":8},"end":{"line":25,"column":44}},"2":{"start":{"line":26,"column":8},"end":{"line":26,"column":35}},"3":{"start":{"line":27,"column":8},"end":{"line":27,"column":24}},"4":{"start":{"line":28,"column":8},"end":{"line":28,"column":31}},"5":{"start":{"line":29,"column":8},"end":{"line":29,"column":28}},"6":{"start":{"line":41,"column":8},"end":{"line":41,"column":70}},"7":{"start":{"line":42,"column":8},"end":{"line":42,"column":37}},"8":{"start":{"line":43,"column":8},"end":{"line":43,"column":30}},"9":{"start":{"line":44,"column":8},"end":{"line":44,"column":46}},"10":{"start":{"line":45,"column":8},"end":{"line":45,"column":19}},"11":{"start":{"line":55,"column":8},"end":{"line":55,"column":55}},"12":{"start":{"line":56,"column":8},"end":{"line":56,"column":2271}},"13":{"start":{"line":60,"column":8},"end":{"line":60,"column":30}},"14":{"start":{"line":61,"column":8},"end":{"line":61,"column":32}},"15":{"start":{"line":62,"column":8},"end":{"line":62,"column":2465}},"16":{"start":{"line":63,"column":12},"end":{"line":63,"column":47}},"17":{"start":{"line":65,"column":8},"end":{"line":65,"column":41}},"18":{"start":{"line":66,"column":8},"end":{"line":66,"column":19}},"19":{"start":{"line":75,"column":8},"end":{"line":75,"column":31}},"20":{"start":{"line":83,"column":8},"end":{"line":83,"column":45}},"21":{"start":{"line":84,"column":8},"end":{"line":84,"column":51}},"22":{"start":{"line":85,"column":8},"end":{"line":85,"column":19}},"23":{"start":{"line":94,"column":8},"end":{"line":94,"column":40}}},"branchMap":{"1":{"line":41,"type":"if","locations":[{"start":{"line":41,"column":8},"end":{"line":41,"column":8}},{"start":{"line":41,"column":8},"end":{"line":41,"column":8}}]},"2":{"line":56,"type":"if","locations":[{"start":{"line":56,"column":8},"end":{"line":56,"column":8}},{"start":{"line":56,"column":8},"end":{"line":56,"column":8}}]},"3":{"line":62,"type":"if","locations":[{"start":{"line":62,"column":8},"end":{"line":62,"column":8}},{"start":{"line":62,"column":8},"end":{"line":62,"column":8}}]}}},
"contracts/libs/ell/EIP20Interface.sol":{"l":{},"path":"/Users/ncodes/projects/makeos/makeos-contracts/contracts/libs/ell/EIP20Interface.sol","s":{},"b":{},"f":{},"fnMap":{},"statementMap":{},"branchMap":{}},
"contracts/libs/GSN/Context.sol":{"l":{"16":0,"20":0,"21":0},"path":"/Users/ncodes/projects/makeos/makeos-contracts/contracts/libs/GSN/Context.sol","s":{"1":0,"2":0},"b":{},"f":{"1":0,"2":0},"fnMap":{"1":{"name":"_msgSender","line":15,"loc":{"start":{"line":15,"column":4},"end":{"line":17,"column":4}}},"2":{"name":"_msgData","line":19,"loc":{"start":{"line":19,"column":4},"end":{"line":22,"column":4}}}},"statementMap":{"1":{"start":{"line":16,"column":8},"end":{"line":16,"column":34}},"2":{"start":{"line":21,"column":8},"end":{"line":21,"column":23}}},"branchMap":{}},
"contracts/libs/math/SafeMath.sol":{"l":{"29":23,"30":23,"32":23,"46":0,"60":0,"61":0,"63":0,"80":0,"81":0,"84":0,"85":0,"87":0,"103":0,"119":0,"120":0,"123":0,"139":0,"155":0,"156":0},"path":"/Users/ncodes/projects/makeos/makeos-contracts/contracts/libs/math/SafeMath.sol","s":{"1":23,"2":23,"3":23,"4":0,"5":0,"6":0,"7":0,"8":0,"9":0,"10":0,"11":0,"12":0,"13":0,"14":0,"15":0,"16":0,"17":0,"18":0,"19":0},"b":{"1":[23,0],"2":[0,0],"3":[0,0],"4":[0,0],"5":[0,0],"6":[0,0]},"f":{"1":23,"2":0,"3":0,"4":0,"5":0,"6":0,"7":0,"8":0},"fnMap":{"1":{"name":"add","line":28,"loc":{"start":{"line":28,"column":4},"end":{"line":33,"column":4}}},"2":{"name":"sub","line":45,"loc":{"start":{"line":45,"column":4},"end":{"line":47,"column":4}}},"3":{"name":"sub","line":59,"loc":{"start":{"line":59,"column":4},"end":{"line":64,"column":4}}},"4":{"name":"mul","line":76,"loc":{"start":{"line":76,"column":4},"end":{"line":88,"column":4}}},"5":{"name":"div","line":102,"loc":{"start":{"line":102,"column":4},"end":{"line":104,"column":4}}},"6":{"name":"div","line":118,"loc":{"start":{"line":118,"column":4},"end":{"line":124,"column":4}}},"7":{"name":"mod","line":138,"loc":{"start":{"line":138,"column":4},"end":{"line":140,"column":4}}},"8":{"name":"mod","line":154,"loc":{"start":{"line":154,"column":4},"end":{"line":157,"column":4}}}},"statementMap":{"1":{"start":{"line":29,"column":8},"end":{"line":29,"column":25}},"2":{"start":{"line":30,"column":8},"end":{"line":30,"column":53}},"3":{"start":{"line":32,"column":8},"end":{"line":32,"column":16}},"4":{"start":{"line":46,"column":8},"end":{"line":46,"column":58}},"5":{"start":{"line":60,"column":8},"end":{"line":60,"column":36}},"6":{"start":{"line":61,"column":8},"end":{"line":61,"column":25}},"7":{"start":{"line":63,"column":8},"end":{"line":63,"column":16}},"8":{"start":{"line":80,"column":8},"end":{"line":80,"column":2491}},"9":{"start":{"line":81,"column":12},"end":{"line":81,"column":20}},"10":{"start":{"line":84,"column":8},"end":{"line":84,"column":25}},"11":{"start":{"line":85,"column":8},"end":{"line":85,"column":63}},"12":{"start":{"line":87,"column":8},"end":{"line":87,"column":16}},"13":{"start":{"line":103,"column":8},"end":{"line":103,"column":54}},"14":{"start":{"line":119,"column":8},"end":{"line":119,"column":35}},"15":{"start":{"line":120,"column":8},"end":{"line":120,"column":25}},"16":{"start":{"line":123,"column":8},"end":{"line":123,"column":16}},"17":{"start":{"line":139,"column":8},"end":{"line":139,"column":52}},"18":{"start":{"line":155,"column":8},"end":{"line":155,"column":36}},"19":{"start":{"line":156,"column":8},"end":{"line":156,"column":20}}},"branchMap":{"1":{"line":30,"type":"if","locations":[{"start":{"line":30,"column":8},"end":{"line":30,"column":8}},{"start":{"line":30,"column":8},"end":{"line":30,"column":8}}]},"2":{"line":60,"type":"if","locations":[{"start":{"line":60,"column":8},"end":{"line":60,"column":8}},{"start":{"line":60,"column":8},"end":{"line":60,"column":8}}]},"3":{"line":80,"type":"if","locations":[{"start":{"line":80,"column":8},"end":{"line":80,"column":8}},{"start":{"line":80,"column":8},"end":{"line":80,"column":8}}]},"4":{"line":85,"type":"if","locations":[{"start":{"line":85,"column":8},"end":{"line":85,"column":8}},{"start":{"line":85,"column":8},"end":{"line":85,"column":8}}]},"5":{"line":119,"type":"if","locations":[{"start":{"line":119,"column":8},"end":{"line":119,"column":8}},{"start":{"line":119,"column":8},"end":{"line":119,"column":8}}]},"6":{"line":155,"type":"if","locations":[{"start":{"line":155,"column":8},"end":{"line":155,"column":8}},{"start":{"line":155,"column":8},"end":{"line":155,"column":8}}]}}},
"contracts/libs/token/ERC20/ERC20.sol":{"l":{"55":47,"56":47,"57":47,"64":0,"72":0,"89":0,"96":8,"103":3,"120":0,"121":0,"134":0,"150":0,"151":0,"172":0,"173":0,"181":0,"201":0,"206":0,"228":0,"236":0,"258":0,"259":0,"261":0,"263":0,"267":0,"268":0,"281":6,"283":6,"285":6,"286":6,"287":6,"302":0,"304":0,"306":0,"310":0,"311":0,"332":0,"333":0,"335":0,"336":0,"347":0},"path":"/Users/ncodes/projects/makeos/makeos-contracts/contracts/libs/token/ERC20/ERC20.sol","s":{"1":47,"2":47,"3":47,"4":0,"5":0,"6":0,"7":8,"8":3,"9":0,"10":0,"11":0,"12":0,"13":0,"14":0,"15":0,"16":0,"17":0,"18":0,"19":0,"20":0,"21":0,"22":0,"23":0,"24":0,"25":0,"26":0,"27":6,"28":6,"29":6,"30":6,"31":6,"32":0,"33":0,"34":0,"35":0,"36":0,"37":0,"38":0,"39":0,"40":0,"41":0},"b":{"1":[0,0],"2":[0,0],"3":[6,0],"4":[0,0],"5":[0,0],"6":[0,0]},"f":{"1":47,"2":0,"3":0,"4":0,"5":8,"6":3,"7":0,"8":0,"9":0,"10":0,"11":0,"12":0,"13":0,"14":6,"15":0,"16":0,"17":0,"18":6},"fnMap":{"1":{"name":"constructor","line":54,"loc":{"start":{"line":54,"column":4},"end":{"line":58,"column":4}}},"2":{"name":"name","line":63,"loc":{"start":{"line":63,"column":4},"end":{"line":65,"column":4}}},"3":{"name":"symbol","line":71,"loc":{"start":{"line":71,"column":4},"end":{"line":73,"column":4}}},"4":{"name":"decimals","line":88,"loc":{"start":{"line":88,"column":4},"end":{"line":90,"column":4}}},"5":{"name":"totalSupply","line":95,"loc":{"start":{"line":95,"column":4},"end":{"line":97,"column":4}}},"6":{"name":"balanceOf","line":102,"loc":{"start":{"line":102,"column":4},"end":{"line":104,"column":4}}},"7":{"name":"transfer","line":114,"loc":{"start":{"line":114,"column":4},"end":{"line":122,"column":4}}},"8":{"name":"allowance","line":127,"loc":{"start":{"line":127,"column":4},"end":{"line":135,"column":4}}},"9":{"name":"approve","line":144,"loc":{"start":{"line":144,"column":4},"end":{"line":152,"column":4}}},"10":{"name":"transferFrom","line":167,"loc":{"start":{"line":167,"column":4},"end":{"line":182,"column":4}}},"11":{"name":"increaseAllowance","line":196,"loc":{"start":{"line":196,"column":4},"end":{"line":207,"column":4}}},"12":{"name":"decreaseAllowance","line":223,"loc":{"start":{"line":223,"column":4},"end":{"line":237,"column":4}}},"13":{"name":"_transfer","line":253,"loc":{"start":{"line":253,"column":4},"end":{"line":269,"column":4}}},"14":{"name":"_mint","line":280,"loc":{"start":{"line":280,"column":4},"end":{"line":288,"column":4}}},"15":{"name":"_burn","line":301,"loc":{"start":{"line":301,"column":4},"end":{"line":312,"column":4}}},"16":{"name":"_approve","line":327,"loc":{"start":{"line":327,"column":4},"end":{"line":337,"column":4}}},"17":{"name":"_setupDecimals","line":346,"loc":{"start":{"line":346,"column":4},"end":{"line":348,"column":4}}},"18":{"name":"_beforeTokenTransfer","line":364,"loc":{"start":{"line":364,"column":4},"end":{"line":368,"column":24}}}},"statementMap":{"1":{"start":{"line":55,"column":8},"end":{"line":55,"column":20}},"2":{"start":{"line":56,"column":8},"end":{"line":56,"column":24}},"3":{"start":{"line":57,"column":8},"end":{"line":57,"column":21}},"4":{"start":{"line":64,"column":8},"end":{"line":64,"column":20}},"5":{"start":{"line":72,"column":8},"end":{"line":72,"column":22}},"6":{"start":{"line":89,"column":8},"end":{"line":89,"column":24}},"7":{"start":{"line":96,"column":8},"end":{"line":96,"column":27}},"8":{"start":{"line":103,"column":8},"end":{"line":103,"column":33}},"9":{"start":{"line":120,"column":8},"end":{"line":120,"column":49}},"10":{"start":{"line":121,"column":8},"end":{"line":121,"column":19}},"11":{"start":{"line":134,"column":8},"end":{"line":134,"column":42}},"12":{"start":{"line":150,"column":8},"end":{"line":150,"column":46}},"13":{"start":{"line":151,"column":8},"end":{"line":151,"column":19}},"14":{"start":{"line":172,"column":8},"end":{"line":172,"column":43}},"15":{"start":{"line":173,"column":8},"end":{"line":173,"column":5146}},"16":{"start":{"line":181,"column":8},"end":{"line":181,"column":19}},"17":{"start":{"line":201,"column":8},"end":{"line":201,"column":5914}},"18":{"start":{"line":206,"column":8},"end":{"line":206,"column":19}},"19":{"start":{"line":228,"column":8},"end":{"line":228,"column":6695}},"20":{"start":{"line":236,"column":8},"end":{"line":236,"column":19}},"21":{"start":{"line":258,"column":8},"end":{"line":258,"column":77}},"22":{"start":{"line":259,"column":8},"end":{"line":259,"column":78}},"23":{"start":{"line":261,"column":8},"end":{"line":261,"column":54}},"24":{"start":{"line":263,"column":8},"end":{"line":263,"column":7765}},"25":{"start":{"line":267,"column":8},"end":{"line":267,"column":62}},"26":{"start":{"line":268,"column":8},"end":{"line":268,"column":48}},"27":{"start":{"line":281,"column":8},"end":{"line":281,"column":72}},"28":{"start":{"line":283,"column":8},"end":{"line":283,"column":56}},"29":{"start":{"line":285,"column":8},"end":{"line":285,"column":46}},"30":{"start":{"line":286,"column":8},"end":{"line":286,"column":58}},"31":{"start":{"line":287,"column":8},"end":{"line":287,"column":50}},"32":{"start":{"line":302,"column":8},"end":{"line":302,"column":74}},"33":{"start":{"line":304,"column":8},"end":{"line":304,"column":56}},"34":{"start":{"line":306,"column":8},"end":{"line":306,"column":9186}},"35":{"start":{"line":310,"column":8},"end":{"line":310,"column":46}},"36":{"start":{"line":311,"column":8},"end":{"line":311,"column":50}},"37":{"start":{"line":332,"column":8},"end":{"line":332,"column":75}},"38":{"start":{"line":333,"column":8},"end":{"line":333,"column":75}},"39":{"start":{"line":335,"column":8},"end":{"line":335,"column":43}},"40":{"start":{"line":336,"column":8},"end":{"line":336,"column":45}},"41":{"start":{"line":347,"column":8},"end":{"line":347,"column":28}}},"branchMap":{"1":{"line":258,"type":"if","locations":[{"start":{"line":258,"column":8},"end":{"line":258,"column":8}},{"start":{"line":258,"column":8},"end":{"line":258,"column":8}}]},"2":{"line":259,"type":"if","locations":[{"start":{"line":259,"column":8},"end":{"line":259,"column":8}},{"start":{"line":259,"column":8},"end":{"line":259,"column":8}}]},"3":{"line":281,"type":"if","locations":[{"start":{"line":281,"column":8},"end":{"line":281,"column":8}},{"start":{"line":281,"column":8},"end":{"line":281,"column":8}}]},"4":{"line":302,"type":"if","locations":[{"start":{"line":302,"column":8},"end":{"line":302,"column":8}},{"start":{"line":302,"column":8},"end":{"line":302,"column":8}}]},"5":{"line":332,"type":"if","locations":[{"start":{"line":332,"column":8},"end":{"line":332,"column":8}},{"start":{"line":332,"column":8},"end":{"line":332,"column":8}}]},"6":{"line":333,"type":"if","locations":[{"start":{"line":333,"column":8},"end":{"line":333,"column":8}},{"start":{"line":333,"column":8},"end":{"line":333,"column":8}}]}}},
"contracts/libs/token/ERC20/IERC20.sol":{"l":{},"path":"/Users/ncodes/projects/makeos/makeos-contracts/contracts/libs/token/ERC20/IERC20.sol","s":{},"b":{},"f":{},"fnMap":{},"statementMap":{},"branchMap":{}},
"contracts/Main.sol":{"l":{"20":22,"21":22,"22":22,"39":8,"40":4,"41":4},"path":"/Users/ncodes/projects/makeos/makeos-contracts/contracts/Main.sol","s":{"1":22,"2":22,"3":22,"4":8,"5":4,"6":4},"b":{},"f":{"1":22,"2":8},"fnMap":{"1":{"name":"constructor","line":19,"loc":{"start":{"line":19,"column":4},"end":{"line":23,"column":4}}},"2":{"name":"swapELL","line":38,"loc":{"start":{"line":34,"column":4},"end":{"line":42,"column":4}}}},"statementMap":{"1":{"start":{"line":20,"column":8},"end":{"line":20,"column":26}},"2":{"start":{"line":21,"column":8},"end":{"line":21,"column":28}},"3":{"start":{"line":22,"column":8},"end":{"line":22,"column":30}},"4":{"start":{"line":39,"column":8},"end":{"line":39,"column":53}},"5":{"start":{"line":40,"column":8},"end":{"line":40,"column":33}},"6":{"start":{"line":41,"column":8},"end":{"line":41,"column":42}}},"branchMap":{}},
"contracts/Owner.sol":{"l":{"13":69,"18":38,"19":33},"path":"/Users/ncodes/projects/makeos/makeos-contracts/contracts/Owner.sol","s":{"1":69,"2":38},"b":{"1":[33,5]},"f":{"1":69,"2":38},"fnMap":{"1":{"name":"constructor","line":12,"loc":{"start":{"line":12,"column":4},"end":{"line":14,"column":4}}},"2":{"name":"isOwner","line":17,"loc":{"start":{"line":17,"column":4},"end":{"line":20,"column":4}}}},"statementMap":{"1":{"start":{"line":13,"column":8},"end":{"line":13,"column":25}},"2":{"start":{"line":18,"column":8},"end":{"line":18,"column":58}}},"branchMap":{"1":{"line":18,"type":"if","locations":[{"start":{"line":18,"column":8},"end":{"line":18,"column":8}},{"start":{"line":18,"column":8},"end":{"line":18,"column":8}}]}}}}
