TN:
SF:/Users/ncodes/projects/makeos/makeos-contracts/contracts/DepositDIL.sol
FN:35,mint
FN:73,getDILBalance
FN:80,getNextMintLimit
FNF:3
FNH:3
FNDA:15,mint
FNDA:4,getDILBalance
FNDA:10,getNextMintLimit
DA:39,15
DA:40,15
DA:43,15
DA:44,8
DA:45,8
DA:46,8
DA:51,7
DA:52,7
DA:54,7
DA:55,5
DA:59,3
DA:62,3
DA:63,1
DA:66,3
DA:68,3
DA:74,4
DA:81,10
LF:17
LH:17
BRDA:43,1,0,8
BRDA:43,1,1,7
BRDA:54,2,0,5
BRDA:54,2,1,2
BRDA:55,3,0,1
BRDA:55,3,1,4
BRDA:62,4,0,1
BRDA:62,4,1,2
BRF:8
BRH:8
end_of_record
TN:
SF:/Users/ncodes/projects/makeos/makeos-contracts/contracts/libs/SafeMath.sol
FN:21,tryAdd
FN:34,trySub
FN:46,tryMul
FN:63,tryDiv
FN:75,tryMod
FN:94,add
FN:110,sub
FN:125,mul
FN:144,div
FN:161,mod
FN:179,sub
FN:203,div
FN:227,mod
FNF:13
FNH:1
FNDA:0,tryAdd
FNDA:0,trySub
FNDA:0,tryMul
FNDA:0,tryDiv
FNDA:0,tryMod
FNDA:11,add
FNDA:0,sub
FNDA:0,mul
FNDA:0,div
FNDA:0,mod
FNDA:0,sub
FNDA:0,div
FNDA:0,mod
DA:26,0
DA:27,0
DA:28,0
DA:39,0
DA:40,0
DA:54,0
DA:55,0
DA:56,0
DA:57,0
DA:68,0
DA:69,0
DA:80,0
DA:81,0
DA:95,11
DA:96,11
DA:97,11
DA:111,0
DA:112,0
DA:126,0
DA:127,0
DA:128,0
DA:129,0
DA:145,0
DA:146,0
DA:162,0
DA:163,0
DA:184,0
DA:185,0
DA:208,0
DA:209,0
DA:232,0
DA:233,0
LF:32
LH:3
BRDA:27,1,0,0
BRDA:27,1,1,0
BRDA:39,2,0,0
BRDA:39,2,1,0
BRDA:54,3,0,0
BRDA:54,3,1,0
BRDA:56,4,0,0
BRDA:56,4,1,0
BRDA:68,5,0,0
BRDA:68,5,1,0
BRDA:80,6,0,0
BRDA:80,6,1,0
BRDA:96,7,0,11
BRDA:96,7,1,0
BRDA:111,8,0,0
BRDA:111,8,1,0
BRDA:126,9,0,0
BRDA:126,9,1,0
BRDA:128,10,0,0
BRDA:128,10,1,0
BRDA:145,11,0,0
BRDA:145,11,1,0
BRDA:162,12,0,0
BRDA:162,12,1,0
BRDA:184,13,0,0
BRDA:184,13,1,0
BRDA:208,14,0,0
BRDA:208,14,1,0
BRDA:232,15,0,0
BRDA:232,15,1,0
BRF:30
BRH:1
end_of_record
TN:
SF:/Users/ncodes/projects/makeos/makeos-contracts/contracts/Main.sol
FNF:0
FNH:0
LF:0
LH:0
BRF:0
BRH:0
end_of_record
TN:
SF:/Users/ncodes/projects/makeos/makeos-contracts/contracts/Owner.sol
FN:12,constructor
FN:17,isOwner
FNF:2
FNH:2
FNDA:14,constructor
FNDA:16,isOwner
DA:13,14
DA:18,16
DA:19,15
LF:3
LH:3
BRDA:18,1,0,15
BRDA:18,1,1,1
BRF:2
BRH:2
end_of_record
