TN:
SF:/Users/ncodes/projects/makeos/makeos-contracts/contracts/DepositDIL.sol
FN:35,mint
FN:73,getDILBalance
FN:80,getNextMintLimit
FN:86,setMintFee
FN:92,setLimit
FNF:5
FNH:5
FNDA:15,mint
FNDA:4,getDILBalance
FNDA:10,getNextMintLimit
FNDA:1,setMintFee
FNDA:1,setLimit
DA:39,15
DA:40,15
DA:43,15
DA:44,8
DA:45,8
DA:46,8
DA:51,7
DA:52,7
DA:54,7
DA:55,5
DA:59,3
DA:62,3
DA:63,1
DA:66,3
DA:68,3
DA:74,4
DA:81,10
DA:87,1
DA:93,1
LF:19
LH:19
BRDA:43,1,0,8
BRDA:43,1,1,7
BRDA:54,2,0,5
BRDA:54,2,1,2
BRDA:55,3,0,1
BRDA:55,3,1,4
BRDA:62,4,0,1
BRDA:62,4,1,2
BRF:8
BRH:8
end_of_record
TN:
SF:/Users/ncodes/projects/makeos/makeos-contracts/contracts/Dilithium.sol
FNF:0
FNH:0
LF:0
LH:0
BRF:0
BRH:0
end_of_record
TN:
SF:/Users/ncodes/projects/makeos/makeos-contracts/contracts/Latinum.sol
FN:15,mint
FNF:1
FNH:1
FNDA:8,mint
DA:16,8
DA:17,6
LF:2
LH:2
BRDA:16,1,0,6
BRDA:16,1,1,2
BRF:2
BRH:2
end_of_record
TN:
SF:/Users/ncodes/projects/makeos/makeos-contracts/contracts/libs/ell/EIP20.sol
FN:19,constructor
FN:32,transfer
FN:48,transferFrom
FN:69,balanceOf
FN:78,approve
FN:88,allowance
FNF:6
FNH:4
FNDA:6,constructor
FNDA:0,transfer
FNDA:8,transferFrom
FNDA:3,balanceOf
FNDA:5,approve
FNDA:0,allowance
DA:25,6
DA:26,6
DA:27,6
DA:28,6
DA:29,6
DA:41,0
DA:42,0
DA:43,0
DA:44,0
DA:45,0
DA:55,8
DA:56,8
DA:60,4
DA:61,4
DA:62,4
DA:63,4
DA:65,4
DA:66,4
DA:75,3
DA:83,5
DA:84,5
DA:85,5
DA:94,0
LF:23
LH:17
BRDA:41,1,0,0
BRDA:41,1,1,0
BRDA:56,2,0,4
BRDA:56,2,1,4
BRDA:62,3,0,4
BRDA:62,3,1,0
BRF:6
BRH:3
end_of_record
TN:
SF:/Users/ncodes/projects/makeos/makeos-contracts/contracts/libs/ell/EIP20Interface.sol
FNF:0
FNH:0
LF:0
LH:0
BRF:0
BRH:0
end_of_record
TN:
SF:/Users/ncodes/projects/makeos/makeos-contracts/contracts/libs/GSN/Context.sol
FN:15,_msgSender
FN:19,_msgData
FNF:2
FNH:0
FNDA:0,_msgSender
FNDA:0,_msgData
DA:16,0
DA:20,0
DA:21,0
LF:3
LH:0
BRF:0
BRH:0
end_of_record
TN:
SF:/Users/ncodes/projects/makeos/makeos-contracts/contracts/libs/math/SafeMath.sol
FN:28,add
FN:45,sub
FN:59,sub
FN:76,mul
FN:102,div
FN:118,div
FN:138,mod
FN:154,mod
FNF:8
FNH:1
FNDA:23,add
FNDA:0,sub
FNDA:0,sub
FNDA:0,mul
FNDA:0,div
FNDA:0,div
FNDA:0,mod
FNDA:0,mod
DA:29,23
DA:30,23
DA:32,23
DA:46,0
DA:60,0
DA:61,0
DA:63,0
DA:80,0
DA:81,0
DA:84,0
DA:85,0
DA:87,0
DA:103,0
DA:119,0
DA:120,0
DA:123,0
DA:139,0
DA:155,0
DA:156,0
LF:19
LH:3
BRDA:30,1,0,23
BRDA:30,1,1,0
BRDA:60,2,0,0
BRDA:60,2,1,0
BRDA:80,3,0,0
BRDA:80,3,1,0
BRDA:85,4,0,0
BRDA:85,4,1,0
BRDA:119,5,0,0
BRDA:119,5,1,0
BRDA:155,6,0,0
BRDA:155,6,1,0
BRF:12
BRH:1
end_of_record
TN:
SF:/Users/ncodes/projects/makeos/makeos-contracts/contracts/libs/token/ERC20/ERC20.sol
FN:54,constructor
FN:63,name
FN:71,symbol
FN:88,decimals
FN:95,totalSupply
FN:102,balanceOf
FN:114,transfer
FN:127,allowance
FN:144,approve
FN:167,transferFrom
FN:196,increaseAllowance
FN:223,decreaseAllowance
FN:253,_transfer
FN:280,_mint
FN:301,_burn
FN:327,_approve
FN:346,_setupDecimals
FN:364,_beforeTokenTransfer
FNF:18
FNH:5
FNDA:47,constructor
FNDA:0,name
FNDA:0,symbol
FNDA:0,decimals
FNDA:8,totalSupply
FNDA:3,balanceOf
FNDA:0,transfer
FNDA:0,allowance
FNDA:0,approve
FNDA:0,transferFrom
FNDA:0,increaseAllowance
FNDA:0,decreaseAllowance
FNDA:0,_transfer
FNDA:6,_mint
FNDA:0,_burn
FNDA:0,_approve
FNDA:0,_setupDecimals
FNDA:6,_beforeTokenTransfer
DA:55,47
DA:56,47
DA:57,47
DA:64,0
DA:72,0
DA:89,0
DA:96,8
DA:103,3
DA:120,0
DA:121,0
DA:134,0
DA:150,0
DA:151,0
DA:172,0
DA:173,0
DA:181,0
DA:201,0
DA:206,0
DA:228,0
DA:236,0
DA:258,0
DA:259,0
DA:261,0
DA:263,0
DA:267,0
DA:268,0
DA:281,6
DA:283,6
DA:285,6
DA:286,6
DA:287,6
DA:302,0
DA:304,0
DA:306,0
DA:310,0
DA:311,0
DA:332,0
DA:333,0
DA:335,0
DA:336,0
DA:347,0
LF:41
LH:10
BRDA:258,1,0,0
BRDA:258,1,1,0
BRDA:259,2,0,0
BRDA:259,2,1,0
BRDA:281,3,0,6
BRDA:281,3,1,0
BRDA:302,4,0,0
BRDA:302,4,1,0
BRDA:332,5,0,0
BRDA:332,5,1,0
BRDA:333,6,0,0
BRDA:333,6,1,0
BRF:12
BRH:1
end_of_record
TN:
SF:/Users/ncodes/projects/makeos/makeos-contracts/contracts/libs/token/ERC20/IERC20.sol
FNF:0
FNH:0
LF:0
LH:0
BRF:0
BRH:0
end_of_record
TN:
SF:/Users/ncodes/projects/makeos/makeos-contracts/contracts/Main.sol
FN:19,constructor
FN:38,swapELL
FNF:2
FNH:2
FNDA:22,constructor
FNDA:8,swapELL
DA:20,22
DA:21,22
DA:22,22
DA:39,8
DA:40,4
DA:41,4
LF:6
LH:6
BRF:0
BRH:0
end_of_record
TN:
SF:/Users/ncodes/projects/makeos/makeos-contracts/contracts/Owner.sol
FN:12,constructor
FN:17,isOwner
FNF:2
FNH:2
FNDA:69,constructor
FNDA:38,isOwner
DA:13,69
DA:18,38
DA:19,33
LF:3
LH:3
BRDA:18,1,0,33
BRDA:18,1,1,5
BRF:2
BRH:2
end_of_record
